[0.313s] Invoking command in '/home/badawi/Desktop/auto-pilot/src/vortex-auv/guidance/guidance_pkg': PYTHONPATH=/home/badawi/Desktop/auto-pilot/src/vortex-auv/guidance/build/guidance_pkg/prefix_override:/usr/lib/python3/dist-packages/colcon_core/task/python/colcon_distutils_commands:/home/badawi/Desktop/auto-pilot/src/vortex-auv/guidance/install/guidance_pkg/lib/python3.10/site-packages:${PYTHONPATH} /usr/bin/python3 -W ignore:setup.py install is deprecated setup.py egg_info --egg-base ../build/guidance_pkg build --build-base /home/badawi/Desktop/auto-pilot/src/vortex-auv/guidance/build/guidance_pkg/build install --record /home/badawi/Desktop/auto-pilot/src/vortex-auv/guidance/build/guidance_pkg/install.log --single-version-externally-managed install_data
[0.427s] running egg_info
[0.428s] creating ../build/guidance_pkg/guidance_pkg.egg-info
[0.428s] writing ../build/guidance_pkg/guidance_pkg.egg-info/PKG-INFO
[0.428s] writing dependency_links to ../build/guidance_pkg/guidance_pkg.egg-info/dependency_links.txt
[0.428s] writing entry points to ../build/guidance_pkg/guidance_pkg.egg-info/entry_points.txt
[0.428s] writing requirements to ../build/guidance_pkg/guidance_pkg.egg-info/requires.txt
[0.428s] writing top-level names to ../build/guidance_pkg/guidance_pkg.egg-info/top_level.txt
[0.428s] writing manifest file '../build/guidance_pkg/guidance_pkg.egg-info/SOURCES.txt'
[0.429s] reading manifest file '../build/guidance_pkg/guidance_pkg.egg-info/SOURCES.txt'
[0.429s] writing manifest file '../build/guidance_pkg/guidance_pkg.egg-info/SOURCES.txt'
[0.429s] running build
[0.429s] running build_py
[0.430s] creating /home/badawi/Desktop/auto-pilot/src/vortex-auv/guidance/build/guidance_pkg/build
[0.430s] creating /home/badawi/Desktop/auto-pilot/src/vortex-auv/guidance/build/guidance_pkg/build/lib
[0.430s] creating /home/badawi/Desktop/auto-pilot/src/vortex-auv/guidance/build/guidance_pkg/build/lib/guidance_pkg
[0.430s] copying guidance_pkg/guidance.py -> /home/badawi/Desktop/auto-pilot/src/vortex-auv/guidance/build/guidance_pkg/build/lib/guidance_pkg
[0.430s] copying guidance_pkg/__init__.py -> /home/badawi/Desktop/auto-pilot/src/vortex-auv/guidance/build/guidance_pkg/build/lib/guidance_pkg
[0.430s] running install
[0.430s] running install_lib
[0.430s] creating /home/badawi/Desktop/auto-pilot/src/vortex-auv/guidance/install/guidance_pkg/lib/python3.10/site-packages/guidance_pkg
[0.430s] copying /home/badawi/Desktop/auto-pilot/src/vortex-auv/guidance/build/guidance_pkg/build/lib/guidance_pkg/guidance.py -> /home/badawi/Desktop/auto-pilot/src/vortex-auv/guidance/install/guidance_pkg/lib/python3.10/site-packages/guidance_pkg
[0.430s] copying /home/badawi/Desktop/auto-pilot/src/vortex-auv/guidance/build/guidance_pkg/build/lib/guidance_pkg/__init__.py -> /home/badawi/Desktop/auto-pilot/src/vortex-auv/guidance/install/guidance_pkg/lib/python3.10/site-packages/guidance_pkg
[0.430s] byte-compiling /home/badawi/Desktop/auto-pilot/src/vortex-auv/guidance/install/guidance_pkg/lib/python3.10/site-packages/guidance_pkg/guidance.py to guidance.cpython-310.pyc
[0.432s] byte-compiling /home/badawi/Desktop/auto-pilot/src/vortex-auv/guidance/install/guidance_pkg/lib/python3.10/site-packages/guidance_pkg/__init__.py to __init__.cpython-310.pyc
[0.432s] running install_data
[0.432s] creating /home/badawi/Desktop/auto-pilot/src/vortex-auv/guidance/install/guidance_pkg/share/ament_index
[0.432s] creating /home/badawi/Desktop/auto-pilot/src/vortex-auv/guidance/install/guidance_pkg/share/ament_index/resource_index
[0.432s] creating /home/badawi/Desktop/auto-pilot/src/vortex-auv/guidance/install/guidance_pkg/share/ament_index/resource_index/packages
[0.432s] copying resource/guidance_pkg -> /home/badawi/Desktop/auto-pilot/src/vortex-auv/guidance/install/guidance_pkg/share/ament_index/resource_index/packages
[0.432s] copying package.xml -> /home/badawi/Desktop/auto-pilot/src/vortex-auv/guidance/install/guidance_pkg/share/guidance_pkg
[0.432s] running install_egg_info
[0.433s] Copying ../build/guidance_pkg/guidance_pkg.egg-info to /home/badawi/Desktop/auto-pilot/src/vortex-auv/guidance/install/guidance_pkg/lib/python3.10/site-packages/guidance_pkg-0.0.0-py3.10.egg-info
[0.433s] running install_scripts
[0.445s] Installing guidance script to /home/badawi/Desktop/auto-pilot/src/vortex-auv/guidance/install/guidance_pkg/lib/guidance_pkg
[0.445s] writing list of installed files to '/home/badawi/Desktop/auto-pilot/src/vortex-auv/guidance/build/guidance_pkg/install.log'
[0.456s] Invoked command in '/home/badawi/Desktop/auto-pilot/src/vortex-auv/guidance/guidance_pkg' returned '0': PYTHONPATH=/home/badawi/Desktop/auto-pilot/src/vortex-auv/guidance/build/guidance_pkg/prefix_override:/usr/lib/python3/dist-packages/colcon_core/task/python/colcon_distutils_commands:/home/badawi/Desktop/auto-pilot/src/vortex-auv/guidance/install/guidance_pkg/lib/python3.10/site-packages:${PYTHONPATH} /usr/bin/python3 -W ignore:setup.py install is deprecated setup.py egg_info --egg-base ../build/guidance_pkg build --build-base /home/badawi/Desktop/auto-pilot/src/vortex-auv/guidance/build/guidance_pkg/build install --record /home/badawi/Desktop/auto-pilot/src/vortex-auv/guidance/build/guidance_pkg/install.log --single-version-externally-managed install_data
