running egg_info
writing ../build/guidance_pkg/guidance_pkg.egg-info/PKG-INFO
writing dependency_links to ../build/guidance_pkg/guidance_pkg.egg-info/dependency_links.txt
writing entry points to ../build/guidance_pkg/guidance_pkg.egg-info/entry_points.txt
writing requirements to ../build/guidance_pkg/guidance_pkg.egg-info/requires.txt
writing top-level names to ../build/guidance_pkg/guidance_pkg.egg-info/top_level.txt
reading manifest file '../build/guidance_pkg/guidance_pkg.egg-info/SOURCES.txt'
writing manifest file '../build/guidance_pkg/guidance_pkg.egg-info/SOURCES.txt'
running build
running build_py
copying guidance_pkg/guidance.py -> /home/badawi/Desktop/auto-pilot/src/vortex-auv/guidance/build/guidance_pkg/build/lib/guidance_pkg
running install
running install_lib
copying /home/badawi/Desktop/auto-pilot/src/vortex-auv/guidance/build/guidance_pkg/build/lib/guidance_pkg/guidance.py -> /home/badawi/Desktop/auto-pilot/src/vortex-auv/guidance/install/guidance_pkg/lib/python3.10/site-packages/guidance_pkg
byte-compiling /home/badawi/Desktop/auto-pilot/src/vortex-auv/guidance/install/guidance_pkg/lib/python3.10/site-packages/guidance_pkg/guidance.py to guidance.cpython-310.pyc
running install_data
running install_egg_info
removing '/home/badawi/Desktop/auto-pilot/src/vortex-auv/guidance/install/guidance_pkg/lib/python3.10/site-packages/guidance_pkg-0.0.0-py3.10.egg-info' (and everything under it)
Copying ../build/guidance_pkg/guidance_pkg.egg-info to /home/badawi/Desktop/auto-pilot/src/vortex-auv/guidance/install/guidance_pkg/lib/python3.10/site-packages/guidance_pkg-0.0.0-py3.10.egg-info
running install_scripts
Installing guidance script to /home/badawi/Desktop/auto-pilot/src/vortex-auv/guidance/install/guidance_pkg/lib/guidance_pkg
writing list of installed files to '/home/badawi/Desktop/auto-pilot/src/vortex-auv/guidance/build/guidance_pkg/install.log'
