[0.052s] DEBUG:colcon:Command line arguments: ['/usr/bin/colcon', 'build', '--packages-select', 'guidance_test']
[0.052s] DEBUG:colcon:Parsed command line arguments: Namespace(log_base=None, log_level=None, verb_name='build', build_base='build', install_base='install', merge_install=False, symlink_install=False, test_result_base=None, continue_on_error=False, executor='parallel', parallel_workers=20, event_handlers=None, ignore_user_meta=False, metas=['./colcon.meta'], base_paths=['.'], packages_ignore=None, packages_ignore_regex=None, paths=None, packages_up_to=None, packages_up_to_regex=None, packages_above=None, packages_above_and_dependencies=None, packages_above_depth=None, packages_select_by_dep=None, packages_skip_by_dep=None, packages_skip_up_to=None, packages_select_build_failed=False, packages_skip_build_finished=False, packages_select_test_failures=False, packages_skip_test_passed=False, packages_select=['guidance_test'], packages_skip=None, packages_select_regex=None, packages_skip_regex=None, packages_start=None, packages_end=None, allow_overriding=[], cmake_args=None, cmake_target=None, cmake_target_skip_unavailable=False, cmake_clean_cache=False, cmake_clean_first=False, cmake_force_configure=False, ament_cmake_args=None, catkin_cmake_args=None, catkin_skip_building_tests=False, verb_parser=<colcon_defaults.argument_parser.defaults.DefaultArgumentsDecorator object at 0x72585b1b3d90>, verb_extension=<colcon_core.verb.build.BuildVerb object at 0x72585b2f8a60>, main=<bound method BuildVerb.main of <colcon_core.verb.build.BuildVerb object at 0x72585b2f8a60>>)
[0.131s] Level 1:colcon.colcon_core.package_discovery:discover_packages(colcon_meta) check parameters
[0.131s] Level 1:colcon.colcon_core.package_discovery:discover_packages(recursive) check parameters
[0.131s] Level 1:colcon.colcon_core.package_discovery:discover_packages(ignore) check parameters
[0.131s] Level 1:colcon.colcon_core.package_discovery:discover_packages(path) check parameters
[0.131s] Level 1:colcon.colcon_core.package_discovery:discover_packages(colcon_meta) discover
[0.131s] Level 1:colcon.colcon_core.package_discovery:discover_packages(recursive) discover
[0.131s] INFO:colcon.colcon_core.package_discovery:Crawling recursively for packages in '/home/badawi/Desktop/auto-pilot/src/vortex-auv/guidance/guidance_pkg/guidance_pkg'
[0.131s] Level 1:colcon.colcon_core.package_identification:_identify(.) by extensions ['ignore', 'ignore_ament_install']
[0.131s] Level 1:colcon.colcon_core.package_identification:_identify(.) by extension 'ignore'
[0.131s] Level 1:colcon.colcon_core.package_identification:_identify(.) by extension 'ignore_ament_install'
[0.131s] Level 1:colcon.colcon_core.package_identification:_identify(.) by extensions ['colcon_pkg']
[0.131s] Level 1:colcon.colcon_core.package_identification:_identify(.) by extension 'colcon_pkg'
[0.131s] Level 1:colcon.colcon_core.package_identification:_identify(.) by extensions ['colcon_meta']
[0.131s] Level 1:colcon.colcon_core.package_identification:_identify(.) by extension 'colcon_meta'
[0.131s] Level 1:colcon.colcon_core.package_identification:_identify(.) by extensions ['ros']
[0.131s] Level 1:colcon.colcon_core.package_identification:_identify(.) by extension 'ros'
[0.138s] Level 1:colcon.colcon_core.package_identification:_identify(.) by extensions ['cmake', 'python']
[0.138s] Level 1:colcon.colcon_core.package_identification:_identify(.) by extension 'cmake'
[0.138s] Level 1:colcon.colcon_core.package_identification:_identify(.) by extension 'python'
[0.138s] Level 1:colcon.colcon_core.package_identification:_identify(.) by extensions ['python_setup_py']
[0.138s] Level 1:colcon.colcon_core.package_identification:_identify(.) by extension 'python_setup_py'
[0.138s] Level 1:colcon.colcon_core.package_identification:_identify(build) by extensions ['ignore', 'ignore_ament_install']
[0.138s] Level 1:colcon.colcon_core.package_identification:_identify(build) by extension 'ignore'
[0.138s] Level 1:colcon.colcon_core.package_identification:_identify(build) ignored
[0.138s] Level 1:colcon.colcon_core.package_identification:_identify(guidance_test) by extensions ['ignore', 'ignore_ament_install']
[0.138s] Level 1:colcon.colcon_core.package_identification:_identify(guidance_test) by extension 'ignore'
[0.138s] Level 1:colcon.colcon_core.package_identification:_identify(guidance_test) by extension 'ignore_ament_install'
[0.138s] Level 1:colcon.colcon_core.package_identification:_identify(guidance_test) by extensions ['colcon_pkg']
[0.138s] Level 1:colcon.colcon_core.package_identification:_identify(guidance_test) by extension 'colcon_pkg'
[0.138s] Level 1:colcon.colcon_core.package_identification:_identify(guidance_test) by extensions ['colcon_meta']
[0.138s] Level 1:colcon.colcon_core.package_identification:_identify(guidance_test) by extension 'colcon_meta'
[0.138s] Level 1:colcon.colcon_core.package_identification:_identify(guidance_test) by extensions ['ros']
[0.138s] Level 1:colcon.colcon_core.package_identification:_identify(guidance_test) by extension 'ros'
[0.140s] DEBUG:colcon.colcon_core.package_identification:Package 'guidance_test' with type 'ros.ament_python' and name 'guidance_test'
[0.140s] Level 1:colcon.colcon_core.package_identification:_identify(install) by extensions ['ignore', 'ignore_ament_install']
[0.140s] Level 1:colcon.colcon_core.package_identification:_identify(install) by extension 'ignore'
[0.140s] Level 1:colcon.colcon_core.package_identification:_identify(install) ignored
[0.140s] Level 1:colcon.colcon_core.package_identification:_identify(log) by extensions ['ignore', 'ignore_ament_install']
[0.140s] Level 1:colcon.colcon_core.package_identification:_identify(log) by extension 'ignore'
[0.140s] Level 1:colcon.colcon_core.package_identification:_identify(log) ignored
[0.140s] Level 1:colcon.colcon_core.package_discovery:discover_packages(recursive) using defaults
[0.140s] Level 1:colcon.colcon_core.package_discovery:discover_packages(ignore) discover
[0.140s] Level 1:colcon.colcon_core.package_discovery:discover_packages(ignore) using defaults
[0.140s] Level 1:colcon.colcon_core.package_discovery:discover_packages(path) discover
[0.140s] Level 1:colcon.colcon_core.package_discovery:discover_packages(path) using defaults
[0.150s] Level 1:colcon.colcon_core.package_discovery:discover_packages(prefix_path) check parameters
[0.150s] Level 1:colcon.colcon_core.package_discovery:discover_packages(prefix_path) discover
[0.151s] DEBUG:colcon.colcon_installed_package_information.package_discovery:Found 1 installed packages in /home/badawi/Desktop/auto-pilot/src/vortex-auv/guidance/install
[0.151s] DEBUG:colcon.colcon_installed_package_information.package_discovery:Found 5 installed packages in /home/badawi/Desktop/rovsim/install
[0.152s] DEBUG:colcon.colcon_installed_package_information.package_discovery:Found 296 installed packages in /opt/ros/humble
[0.153s] Level 1:colcon.colcon_core.package_discovery:discover_packages(prefix_path) using defaults
[0.177s] Level 5:colcon.colcon_core.verb:set package 'guidance_test' build argument 'cmake_args' from command line to 'None'
[0.177s] Level 5:colcon.colcon_core.verb:set package 'guidance_test' build argument 'cmake_target' from command line to 'None'
[0.177s] Level 5:colcon.colcon_core.verb:set package 'guidance_test' build argument 'cmake_target_skip_unavailable' from command line to 'False'
[0.177s] Level 5:colcon.colcon_core.verb:set package 'guidance_test' build argument 'cmake_clean_cache' from command line to 'False'
[0.177s] Level 5:colcon.colcon_core.verb:set package 'guidance_test' build argument 'cmake_clean_first' from command line to 'False'
[0.177s] Level 5:colcon.colcon_core.verb:set package 'guidance_test' build argument 'cmake_force_configure' from command line to 'False'
[0.177s] Level 5:colcon.colcon_core.verb:set package 'guidance_test' build argument 'ament_cmake_args' from command line to 'None'
[0.177s] Level 5:colcon.colcon_core.verb:set package 'guidance_test' build argument 'catkin_cmake_args' from command line to 'None'
[0.177s] Level 5:colcon.colcon_core.verb:set package 'guidance_test' build argument 'catkin_skip_building_tests' from command line to 'False'
[0.177s] DEBUG:colcon.colcon_core.verb:Building package 'guidance_test' with the following arguments: {'ament_cmake_args': None, 'build_base': '/home/badawi/Desktop/auto-pilot/src/vortex-auv/guidance/guidance_pkg/guidance_pkg/build/guidance_test', 'catkin_cmake_args': None, 'catkin_skip_building_tests': False, 'cmake_args': None, 'cmake_clean_cache': False, 'cmake_clean_first': False, 'cmake_force_configure': False, 'cmake_target': None, 'cmake_target_skip_unavailable': False, 'install_base': '/home/badawi/Desktop/auto-pilot/src/vortex-auv/guidance/guidance_pkg/guidance_pkg/install/guidance_test', 'merge_install': False, 'path': '/home/badawi/Desktop/auto-pilot/src/vortex-auv/guidance/guidance_pkg/guidance_pkg/guidance_test', 'symlink_install': False, 'test_result_base': None}
[0.177s] INFO:colcon.colcon_core.executor:Executing jobs using 'parallel' executor
[0.178s] DEBUG:colcon.colcon_parallel_executor.executor.parallel:run_until_complete
[0.178s] INFO:colcon.colcon_ros.task.ament_python.build:Building ROS package in '/home/badawi/Desktop/auto-pilot/src/vortex-auv/guidance/guidance_pkg/guidance_pkg/guidance_test' with build type 'ament_python'
[0.178s] Level 1:colcon.colcon_core.shell:create_environment_hook('guidance_test', 'ament_prefix_path')
[0.179s] INFO:colcon.colcon_core.plugin_system:Skipping extension 'colcon_core.shell.bat': Not used on non-Windows systems
[0.179s] INFO:colcon.colcon_core.shell:Creating environment hook '/home/badawi/Desktop/auto-pilot/src/vortex-auv/guidance/guidance_pkg/guidance_pkg/install/guidance_test/share/guidance_test/hook/ament_prefix_path.ps1'
[0.180s] INFO:colcon.colcon_core.shell:Creating environment descriptor '/home/badawi/Desktop/auto-pilot/src/vortex-auv/guidance/guidance_pkg/guidance_pkg/install/guidance_test/share/guidance_test/hook/ament_prefix_path.dsv'
[0.180s] INFO:colcon.colcon_core.shell:Creating environment hook '/home/badawi/Desktop/auto-pilot/src/vortex-auv/guidance/guidance_pkg/guidance_pkg/install/guidance_test/share/guidance_test/hook/ament_prefix_path.sh'
[0.180s] INFO:colcon.colcon_core.shell:Skip shell extension 'powershell' for command environment: Not usable outside of PowerShell
[0.180s] DEBUG:colcon.colcon_core.shell:Skip shell extension 'dsv' for command environment
[0.313s] INFO:colcon.colcon_core.task.python.build:Building Python package in '/home/badawi/Desktop/auto-pilot/src/vortex-auv/guidance/guidance_pkg/guidance_pkg/guidance_test'
[0.313s] INFO:colcon.colcon_core.shell:Skip shell extension 'powershell' for command environment: Not usable outside of PowerShell
[0.313s] DEBUG:colcon.colcon_core.shell:Skip shell extension 'dsv' for command environment
[0.484s] DEBUG:colcon.colcon_core.event_handler.log_command:Invoking command in '/home/badawi/Desktop/auto-pilot/src/vortex-auv/guidance/guidance_pkg/guidance_pkg/guidance_test': PYTHONPATH=/home/badawi/Desktop/auto-pilot/src/vortex-auv/guidance/guidance_pkg/guidance_pkg/build/guidance_test/prefix_override:/usr/lib/python3/dist-packages/colcon_core/task/python/colcon_distutils_commands:/home/badawi/Desktop/auto-pilot/src/vortex-auv/guidance/guidance_pkg/guidance_pkg/install/guidance_test/lib/python3.10/site-packages:${PYTHONPATH} /usr/bin/python3 -W ignore:setup.py install is deprecated setup.py egg_info --egg-base ../build/guidance_test build --build-base /home/badawi/Desktop/auto-pilot/src/vortex-auv/guidance/guidance_pkg/guidance_pkg/build/guidance_test/build install --record /home/badawi/Desktop/auto-pilot/src/vortex-auv/guidance/guidance_pkg/guidance_pkg/build/guidance_test/install.log --single-version-externally-managed install_data
[0.629s] DEBUG:colcon.colcon_core.event_handler.log_command:Invoked command in '/home/badawi/Desktop/auto-pilot/src/vortex-auv/guidance/guidance_pkg/guidance_pkg/guidance_test' returned '0': PYTHONPATH=/home/badawi/Desktop/auto-pilot/src/vortex-auv/guidance/guidance_pkg/guidance_pkg/build/guidance_test/prefix_override:/usr/lib/python3/dist-packages/colcon_core/task/python/colcon_distutils_commands:/home/badawi/Desktop/auto-pilot/src/vortex-auv/guidance/guidance_pkg/guidance_pkg/install/guidance_test/lib/python3.10/site-packages:${PYTHONPATH} /usr/bin/python3 -W ignore:setup.py install is deprecated setup.py egg_info --egg-base ../build/guidance_test build --build-base /home/badawi/Desktop/auto-pilot/src/vortex-auv/guidance/guidance_pkg/guidance_pkg/build/guidance_test/build install --record /home/badawi/Desktop/auto-pilot/src/vortex-auv/guidance/guidance_pkg/guidance_pkg/build/guidance_test/install.log --single-version-externally-managed install_data
[0.630s] Level 1:colcon.colcon_core.environment:checking '/home/badawi/Desktop/auto-pilot/src/vortex-auv/guidance/guidance_pkg/guidance_pkg/install/guidance_test' for CMake module files
[0.630s] Level 1:colcon.colcon_core.environment:checking '/home/badawi/Desktop/auto-pilot/src/vortex-auv/guidance/guidance_pkg/guidance_pkg/install/guidance_test' for CMake config files
[0.631s] Level 1:colcon.colcon_core.environment:checking '/home/badawi/Desktop/auto-pilot/src/vortex-auv/guidance/guidance_pkg/guidance_pkg/install/guidance_test/lib'
[0.631s] Level 1:colcon.colcon_core.environment:checking '/home/badawi/Desktop/auto-pilot/src/vortex-auv/guidance/guidance_pkg/guidance_pkg/install/guidance_test/bin'
[0.631s] Level 1:colcon.colcon_core.environment:checking '/home/badawi/Desktop/auto-pilot/src/vortex-auv/guidance/guidance_pkg/guidance_pkg/install/guidance_test/lib/pkgconfig/guidance_test.pc'
[0.631s] Level 1:colcon.colcon_core.environment:checking '/home/badawi/Desktop/auto-pilot/src/vortex-auv/guidance/guidance_pkg/guidance_pkg/install/guidance_test/lib/python3.10/site-packages'
[0.631s] Level 1:colcon.colcon_core.shell:create_environment_hook('guidance_test', 'pythonpath')
[0.631s] INFO:colcon.colcon_core.shell:Creating environment hook '/home/badawi/Desktop/auto-pilot/src/vortex-auv/guidance/guidance_pkg/guidance_pkg/install/guidance_test/share/guidance_test/hook/pythonpath.ps1'
[0.631s] INFO:colcon.colcon_core.shell:Creating environment descriptor '/home/badawi/Desktop/auto-pilot/src/vortex-auv/guidance/guidance_pkg/guidance_pkg/install/guidance_test/share/guidance_test/hook/pythonpath.dsv'
[0.631s] INFO:colcon.colcon_core.shell:Creating environment hook '/home/badawi/Desktop/auto-pilot/src/vortex-auv/guidance/guidance_pkg/guidance_pkg/install/guidance_test/share/guidance_test/hook/pythonpath.sh'
[0.632s] Level 1:colcon.colcon_core.environment:checking '/home/badawi/Desktop/auto-pilot/src/vortex-auv/guidance/guidance_pkg/guidance_pkg/install/guidance_test/bin'
[0.632s] Level 1:colcon.colcon_core.environment:create_environment_scripts_only(guidance_test)
[0.632s] INFO:colcon.colcon_core.shell:Creating package script '/home/badawi/Desktop/auto-pilot/src/vortex-auv/guidance/guidance_pkg/guidance_pkg/install/guidance_test/share/guidance_test/package.ps1'
[0.632s] INFO:colcon.colcon_core.shell:Creating package descriptor '/home/badawi/Desktop/auto-pilot/src/vortex-auv/guidance/guidance_pkg/guidance_pkg/install/guidance_test/share/guidance_test/package.dsv'
[0.633s] INFO:colcon.colcon_core.shell:Creating package script '/home/badawi/Desktop/auto-pilot/src/vortex-auv/guidance/guidance_pkg/guidance_pkg/install/guidance_test/share/guidance_test/package.sh'
[0.633s] INFO:colcon.colcon_core.shell:Creating package script '/home/badawi/Desktop/auto-pilot/src/vortex-auv/guidance/guidance_pkg/guidance_pkg/install/guidance_test/share/guidance_test/package.bash'
[0.633s] INFO:colcon.colcon_core.shell:Creating package script '/home/badawi/Desktop/auto-pilot/src/vortex-auv/guidance/guidance_pkg/guidance_pkg/install/guidance_test/share/guidance_test/package.zsh'
[0.633s] Level 1:colcon.colcon_core.environment:create_file_with_runtime_dependencies(/home/badawi/Desktop/auto-pilot/src/vortex-auv/guidance/guidance_pkg/guidance_pkg/install/guidance_test/share/colcon-core/packages/guidance_test)
[0.634s] DEBUG:colcon.colcon_parallel_executor.executor.parallel:closing loop
[0.634s] DEBUG:colcon.colcon_parallel_executor.executor.parallel:loop closed
[0.634s] DEBUG:colcon.colcon_parallel_executor.executor.parallel:run_until_complete finished with '0'
[0.634s] DEBUG:colcon.colcon_core.event_reactor:joining thread
[0.637s] INFO:colcon.colcon_core.plugin_system:Skipping extension 'colcon_notification.desktop_notification.terminal_notifier': Not used on non-Darwin systems
[0.637s] INFO:colcon.colcon_core.plugin_system:Skipping extension 'colcon_notification.desktop_notification.win32': Not used on non-Windows systems
[0.637s] INFO:colcon.colcon_notification.desktop_notification:Sending desktop notification using 'notify2'
[0.645s] DEBUG:colcon.colcon_core.event_reactor:joined thread
[0.646s] INFO:colcon.colcon_core.shell:Creating prefix script '/home/badawi/Desktop/auto-pilot/src/vortex-auv/guidance/guidance_pkg/guidance_pkg/install/local_setup.ps1'
[0.646s] INFO:colcon.colcon_core.shell:Creating prefix util module '/home/badawi/Desktop/auto-pilot/src/vortex-auv/guidance/guidance_pkg/guidance_pkg/install/_local_setup_util_ps1.py'
[0.647s] INFO:colcon.colcon_core.shell:Creating prefix chain script '/home/badawi/Desktop/auto-pilot/src/vortex-auv/guidance/guidance_pkg/guidance_pkg/install/setup.ps1'
[0.647s] INFO:colcon.colcon_core.shell:Creating prefix script '/home/badawi/Desktop/auto-pilot/src/vortex-auv/guidance/guidance_pkg/guidance_pkg/install/local_setup.sh'
[0.648s] INFO:colcon.colcon_core.shell:Creating prefix util module '/home/badawi/Desktop/auto-pilot/src/vortex-auv/guidance/guidance_pkg/guidance_pkg/install/_local_setup_util_sh.py'
[0.648s] INFO:colcon.colcon_core.shell:Creating prefix chain script '/home/badawi/Desktop/auto-pilot/src/vortex-auv/guidance/guidance_pkg/guidance_pkg/install/setup.sh'
[0.649s] INFO:colcon.colcon_core.shell:Creating prefix script '/home/badawi/Desktop/auto-pilot/src/vortex-auv/guidance/guidance_pkg/guidance_pkg/install/local_setup.bash'
[0.649s] INFO:colcon.colcon_core.shell:Creating prefix chain script '/home/badawi/Desktop/auto-pilot/src/vortex-auv/guidance/guidance_pkg/guidance_pkg/install/setup.bash'
[0.650s] INFO:colcon.colcon_core.shell:Creating prefix script '/home/badawi/Desktop/auto-pilot/src/vortex-auv/guidance/guidance_pkg/guidance_pkg/install/local_setup.zsh'
[0.650s] INFO:colcon.colcon_core.shell:Creating prefix chain script '/home/badawi/Desktop/auto-pilot/src/vortex-auv/guidance/guidance_pkg/guidance_pkg/install/setup.zsh'
