[0.052s] DEBUG:colcon:Command line arguments: ['/usr/bin/colcon', 'build']
[0.052s] DEBUG:colcon:Parsed command line arguments: Namespace(log_base=None, log_level=None, verb_name='build', build_base='build', install_base='install', merge_install=False, symlink_install=False, test_result_base=None, continue_on_error=False, executor='parallel', parallel_workers=20, event_handlers=None, ignore_user_meta=False, metas=['./colcon.meta'], base_paths=['.'], packages_ignore=None, packages_ignore_regex=None, paths=None, packages_up_to=None, packages_up_to_regex=None, packages_above=None, packages_above_and_dependencies=None, packages_above_depth=None, packages_select_by_dep=None, packages_skip_by_dep=None, packages_skip_up_to=None, packages_select_build_failed=False, packages_skip_build_finished=False, packages_select_test_failures=False, packages_skip_test_passed=False, packages_select=None, packages_skip=None, packages_select_regex=None, packages_skip_regex=None, packages_start=None, packages_end=None, allow_overriding=[], cmake_args=None, cmake_target=None, cmake_target_skip_unavailable=False, cmake_clean_cache=False, cmake_clean_first=False, cmake_force_configure=False, ament_cmake_args=None, catkin_cmake_args=None, catkin_skip_building_tests=False, verb_parser=<colcon_defaults.argument_parser.defaults.DefaultArgumentsDecorator object at 0x71287a320160>, verb_extension=<colcon_core.verb.build.BuildVerb object at 0x71287a41cdf0>, main=<bound method BuildVerb.main of <colcon_core.verb.build.BuildVerb object at 0x71287a41cdf0>>)
[0.124s] Level 1:colcon.colcon_core.package_discovery:discover_packages(colcon_meta) check parameters
[0.124s] Level 1:colcon.colcon_core.package_discovery:discover_packages(recursive) check parameters
[0.124s] Level 1:colcon.colcon_core.package_discovery:discover_packages(ignore) check parameters
[0.124s] Level 1:colcon.colcon_core.package_discovery:discover_packages(path) check parameters
[0.124s] Level 1:colcon.colcon_core.package_discovery:discover_packages(colcon_meta) discover
[0.125s] Level 1:colcon.colcon_core.package_discovery:discover_packages(recursive) discover
[0.125s] INFO:colcon.colcon_core.package_discovery:Crawling recursively for packages in '/home/badawi/Desktop/auto-pilot/src/vortex-auv/guidance'
[0.125s] Level 1:colcon.colcon_core.package_identification:_identify(.) by extensions ['ignore', 'ignore_ament_install']
[0.125s] Level 1:colcon.colcon_core.package_identification:_identify(.) by extension 'ignore'
[0.125s] Level 1:colcon.colcon_core.package_identification:_identify(.) by extension 'ignore_ament_install'
[0.125s] Level 1:colcon.colcon_core.package_identification:_identify(.) by extensions ['colcon_pkg']
[0.125s] Level 1:colcon.colcon_core.package_identification:_identify(.) by extension 'colcon_pkg'
[0.125s] Level 1:colcon.colcon_core.package_identification:_identify(.) by extensions ['colcon_meta']
[0.125s] Level 1:colcon.colcon_core.package_identification:_identify(.) by extension 'colcon_meta'
[0.125s] Level 1:colcon.colcon_core.package_identification:_identify(.) by extensions ['ros']
[0.125s] Level 1:colcon.colcon_core.package_identification:_identify(.) by extension 'ros'
[0.131s] Level 1:colcon.colcon_core.package_identification:_identify(.) by extensions ['cmake', 'python']
[0.131s] Level 1:colcon.colcon_core.package_identification:_identify(.) by extension 'cmake'
[0.131s] Level 1:colcon.colcon_core.package_identification:_identify(.) by extension 'python'
[0.131s] Level 1:colcon.colcon_core.package_identification:_identify(.) by extensions ['python_setup_py']
[0.131s] Level 1:colcon.colcon_core.package_identification:_identify(.) by extension 'python_setup_py'
[0.131s] Level 1:colcon.colcon_core.package_identification:_identify(build) by extensions ['ignore', 'ignore_ament_install']
[0.131s] Level 1:colcon.colcon_core.package_identification:_identify(build) by extension 'ignore'
[0.131s] Level 1:colcon.colcon_core.package_identification:_identify(build) ignored
[0.131s] Level 1:colcon.colcon_core.package_identification:_identify(guidance_pkg) by extensions ['ignore', 'ignore_ament_install']
[0.131s] Level 1:colcon.colcon_core.package_identification:_identify(guidance_pkg) by extension 'ignore'
[0.131s] Level 1:colcon.colcon_core.package_identification:_identify(guidance_pkg) by extension 'ignore_ament_install'
[0.131s] Level 1:colcon.colcon_core.package_identification:_identify(guidance_pkg) by extensions ['colcon_pkg']
[0.131s] Level 1:colcon.colcon_core.package_identification:_identify(guidance_pkg) by extension 'colcon_pkg'
[0.131s] Level 1:colcon.colcon_core.package_identification:_identify(guidance_pkg) by extensions ['colcon_meta']
[0.131s] Level 1:colcon.colcon_core.package_identification:_identify(guidance_pkg) by extension 'colcon_meta'
[0.132s] Level 1:colcon.colcon_core.package_identification:_identify(guidance_pkg) by extensions ['ros']
[0.132s] Level 1:colcon.colcon_core.package_identification:_identify(guidance_pkg) by extension 'ros'
[0.133s] DEBUG:colcon.colcon_core.package_identification:Package 'guidance_pkg' with type 'ros.ament_python' and name 'guidance_pkg'
[0.133s] Level 1:colcon.colcon_core.package_identification:_identify(install) by extensions ['ignore', 'ignore_ament_install']
[0.133s] Level 1:colcon.colcon_core.package_identification:_identify(install) by extension 'ignore'
[0.133s] Level 1:colcon.colcon_core.package_identification:_identify(install) ignored
[0.133s] Level 1:colcon.colcon_core.package_identification:_identify(log) by extensions ['ignore', 'ignore_ament_install']
[0.133s] Level 1:colcon.colcon_core.package_identification:_identify(log) by extension 'ignore'
[0.133s] Level 1:colcon.colcon_core.package_identification:_identify(log) ignored
[0.133s] Level 1:colcon.colcon_core.package_discovery:discover_packages(recursive) using defaults
[0.133s] Level 1:colcon.colcon_core.package_discovery:discover_packages(ignore) discover
[0.133s] Level 1:colcon.colcon_core.package_discovery:discover_packages(ignore) using defaults
[0.133s] Level 1:colcon.colcon_core.package_discovery:discover_packages(path) discover
[0.133s] Level 1:colcon.colcon_core.package_discovery:discover_packages(path) using defaults
[0.144s] Level 1:colcon.colcon_core.package_discovery:discover_packages(prefix_path) check parameters
[0.144s] Level 1:colcon.colcon_core.package_discovery:discover_packages(prefix_path) discover
[0.144s] DEBUG:colcon.colcon_installed_package_information.package_discovery:Found 1 installed packages in /home/badawi/Desktop/auto-pilot/src/vortex-auv/guidance/install
[0.145s] DEBUG:colcon.colcon_installed_package_information.package_discovery:Found 4 installed packages in /home/badawi/Desktop/rovsim/install
[0.145s] DEBUG:colcon.colcon_installed_package_information.package_discovery:Found 289 installed packages in /opt/ros/humble
[0.146s] Level 1:colcon.colcon_core.package_discovery:discover_packages(prefix_path) using defaults
[0.169s] Level 5:colcon.colcon_core.verb:set package 'guidance_pkg' build argument 'cmake_args' from command line to 'None'
[0.169s] Level 5:colcon.colcon_core.verb:set package 'guidance_pkg' build argument 'cmake_target' from command line to 'None'
[0.169s] Level 5:colcon.colcon_core.verb:set package 'guidance_pkg' build argument 'cmake_target_skip_unavailable' from command line to 'False'
[0.169s] Level 5:colcon.colcon_core.verb:set package 'guidance_pkg' build argument 'cmake_clean_cache' from command line to 'False'
[0.169s] Level 5:colcon.colcon_core.verb:set package 'guidance_pkg' build argument 'cmake_clean_first' from command line to 'False'
[0.169s] Level 5:colcon.colcon_core.verb:set package 'guidance_pkg' build argument 'cmake_force_configure' from command line to 'False'
[0.169s] Level 5:colcon.colcon_core.verb:set package 'guidance_pkg' build argument 'ament_cmake_args' from command line to 'None'
[0.169s] Level 5:colcon.colcon_core.verb:set package 'guidance_pkg' build argument 'catkin_cmake_args' from command line to 'None'
[0.169s] Level 5:colcon.colcon_core.verb:set package 'guidance_pkg' build argument 'catkin_skip_building_tests' from command line to 'False'
[0.169s] DEBUG:colcon.colcon_core.verb:Building package 'guidance_pkg' with the following arguments: {'ament_cmake_args': None, 'build_base': '/home/badawi/Desktop/auto-pilot/src/vortex-auv/guidance/build/guidance_pkg', 'catkin_cmake_args': None, 'catkin_skip_building_tests': False, 'cmake_args': None, 'cmake_clean_cache': False, 'cmake_clean_first': False, 'cmake_force_configure': False, 'cmake_target': None, 'cmake_target_skip_unavailable': False, 'install_base': '/home/badawi/Desktop/auto-pilot/src/vortex-auv/guidance/install/guidance_pkg', 'merge_install': False, 'path': '/home/badawi/Desktop/auto-pilot/src/vortex-auv/guidance/guidance_pkg', 'symlink_install': False, 'test_result_base': None}
[0.169s] INFO:colcon.colcon_core.executor:Executing jobs using 'parallel' executor
[0.170s] DEBUG:colcon.colcon_parallel_executor.executor.parallel:run_until_complete
[0.170s] INFO:colcon.colcon_ros.task.ament_python.build:Building ROS package in '/home/badawi/Desktop/auto-pilot/src/vortex-auv/guidance/guidance_pkg' with build type 'ament_python'
[0.170s] Level 1:colcon.colcon_core.shell:create_environment_hook('guidance_pkg', 'ament_prefix_path')
[0.171s] INFO:colcon.colcon_core.plugin_system:Skipping extension 'colcon_core.shell.bat': Not used on non-Windows systems
[0.172s] INFO:colcon.colcon_core.shell:Creating environment hook '/home/badawi/Desktop/auto-pilot/src/vortex-auv/guidance/install/guidance_pkg/share/guidance_pkg/hook/ament_prefix_path.ps1'
[0.172s] INFO:colcon.colcon_core.shell:Creating environment descriptor '/home/badawi/Desktop/auto-pilot/src/vortex-auv/guidance/install/guidance_pkg/share/guidance_pkg/hook/ament_prefix_path.dsv'
[0.172s] INFO:colcon.colcon_core.shell:Creating environment hook '/home/badawi/Desktop/auto-pilot/src/vortex-auv/guidance/install/guidance_pkg/share/guidance_pkg/hook/ament_prefix_path.sh'
[0.173s] INFO:colcon.colcon_core.shell:Skip shell extension 'powershell' for command environment: Not usable outside of PowerShell
[0.173s] DEBUG:colcon.colcon_core.shell:Skip shell extension 'dsv' for command environment
[0.297s] INFO:colcon.colcon_core.task.python.build:Building Python package in '/home/badawi/Desktop/auto-pilot/src/vortex-auv/guidance/guidance_pkg'
[0.298s] INFO:colcon.colcon_core.shell:Skip shell extension 'powershell' for command environment: Not usable outside of PowerShell
[0.298s] DEBUG:colcon.colcon_core.shell:Skip shell extension 'dsv' for command environment
[0.458s] DEBUG:colcon.colcon_core.event_handler.log_command:Invoking command in '/home/badawi/Desktop/auto-pilot/src/vortex-auv/guidance/guidance_pkg': PYTHONPATH=/home/badawi/Desktop/auto-pilot/src/vortex-auv/guidance/build/guidance_pkg/prefix_override:/usr/lib/python3/dist-packages/colcon_core/task/python/colcon_distutils_commands:/home/badawi/Desktop/auto-pilot/src/vortex-auv/guidance/install/guidance_pkg/lib/python3.10/site-packages:${PYTHONPATH} /usr/bin/python3 -W ignore:setup.py install is deprecated setup.py egg_info --egg-base ../build/guidance_pkg build --build-base /home/badawi/Desktop/auto-pilot/src/vortex-auv/guidance/build/guidance_pkg/build install --record /home/badawi/Desktop/auto-pilot/src/vortex-auv/guidance/build/guidance_pkg/install.log --single-version-externally-managed install_data
[0.598s] DEBUG:colcon.colcon_core.event_handler.log_command:Invoked command in '/home/badawi/Desktop/auto-pilot/src/vortex-auv/guidance/guidance_pkg' returned '0': PYTHONPATH=/home/badawi/Desktop/auto-pilot/src/vortex-auv/guidance/build/guidance_pkg/prefix_override:/usr/lib/python3/dist-packages/colcon_core/task/python/colcon_distutils_commands:/home/badawi/Desktop/auto-pilot/src/vortex-auv/guidance/install/guidance_pkg/lib/python3.10/site-packages:${PYTHONPATH} /usr/bin/python3 -W ignore:setup.py install is deprecated setup.py egg_info --egg-base ../build/guidance_pkg build --build-base /home/badawi/Desktop/auto-pilot/src/vortex-auv/guidance/build/guidance_pkg/build install --record /home/badawi/Desktop/auto-pilot/src/vortex-auv/guidance/build/guidance_pkg/install.log --single-version-externally-managed install_data
[0.599s] Level 1:colcon.colcon_core.environment:checking '/home/badawi/Desktop/auto-pilot/src/vortex-auv/guidance/install/guidance_pkg' for CMake module files
[0.599s] Level 1:colcon.colcon_core.environment:checking '/home/badawi/Desktop/auto-pilot/src/vortex-auv/guidance/install/guidance_pkg' for CMake config files
[0.600s] Level 1:colcon.colcon_core.environment:checking '/home/badawi/Desktop/auto-pilot/src/vortex-auv/guidance/install/guidance_pkg/lib'
[0.600s] Level 1:colcon.colcon_core.environment:checking '/home/badawi/Desktop/auto-pilot/src/vortex-auv/guidance/install/guidance_pkg/bin'
[0.600s] Level 1:colcon.colcon_core.environment:checking '/home/badawi/Desktop/auto-pilot/src/vortex-auv/guidance/install/guidance_pkg/lib/pkgconfig/guidance_pkg.pc'
[0.600s] Level 1:colcon.colcon_core.environment:checking '/home/badawi/Desktop/auto-pilot/src/vortex-auv/guidance/install/guidance_pkg/lib/python3.10/site-packages'
[0.600s] Level 1:colcon.colcon_core.shell:create_environment_hook('guidance_pkg', 'pythonpath')
[0.600s] INFO:colcon.colcon_core.shell:Creating environment hook '/home/badawi/Desktop/auto-pilot/src/vortex-auv/guidance/install/guidance_pkg/share/guidance_pkg/hook/pythonpath.ps1'
[0.600s] INFO:colcon.colcon_core.shell:Creating environment descriptor '/home/badawi/Desktop/auto-pilot/src/vortex-auv/guidance/install/guidance_pkg/share/guidance_pkg/hook/pythonpath.dsv'
[0.601s] INFO:colcon.colcon_core.shell:Creating environment hook '/home/badawi/Desktop/auto-pilot/src/vortex-auv/guidance/install/guidance_pkg/share/guidance_pkg/hook/pythonpath.sh'
[0.601s] Level 1:colcon.colcon_core.environment:checking '/home/badawi/Desktop/auto-pilot/src/vortex-auv/guidance/install/guidance_pkg/bin'
[0.601s] Level 1:colcon.colcon_core.environment:create_environment_scripts_only(guidance_pkg)
[0.601s] INFO:colcon.colcon_core.shell:Creating package script '/home/badawi/Desktop/auto-pilot/src/vortex-auv/guidance/install/guidance_pkg/share/guidance_pkg/package.ps1'
[0.601s] INFO:colcon.colcon_core.shell:Creating package descriptor '/home/badawi/Desktop/auto-pilot/src/vortex-auv/guidance/install/guidance_pkg/share/guidance_pkg/package.dsv'
[0.602s] INFO:colcon.colcon_core.shell:Creating package script '/home/badawi/Desktop/auto-pilot/src/vortex-auv/guidance/install/guidance_pkg/share/guidance_pkg/package.sh'
[0.602s] INFO:colcon.colcon_core.shell:Creating package script '/home/badawi/Desktop/auto-pilot/src/vortex-auv/guidance/install/guidance_pkg/share/guidance_pkg/package.bash'
[0.602s] INFO:colcon.colcon_core.shell:Creating package script '/home/badawi/Desktop/auto-pilot/src/vortex-auv/guidance/install/guidance_pkg/share/guidance_pkg/package.zsh'
[0.603s] Level 1:colcon.colcon_core.environment:create_file_with_runtime_dependencies(/home/badawi/Desktop/auto-pilot/src/vortex-auv/guidance/install/guidance_pkg/share/colcon-core/packages/guidance_pkg)
[0.603s] DEBUG:colcon.colcon_parallel_executor.executor.parallel:closing loop
[0.603s] DEBUG:colcon.colcon_parallel_executor.executor.parallel:loop closed
[0.603s] DEBUG:colcon.colcon_parallel_executor.executor.parallel:run_until_complete finished with '0'
[0.603s] DEBUG:colcon.colcon_core.event_reactor:joining thread
[0.606s] INFO:colcon.colcon_core.plugin_system:Skipping extension 'colcon_notification.desktop_notification.terminal_notifier': Not used on non-Darwin systems
[0.606s] INFO:colcon.colcon_core.plugin_system:Skipping extension 'colcon_notification.desktop_notification.win32': Not used on non-Windows systems
[0.606s] INFO:colcon.colcon_notification.desktop_notification:Sending desktop notification using 'notify2'
[0.614s] DEBUG:colcon.colcon_core.event_reactor:joined thread
[0.614s] INFO:colcon.colcon_core.shell:Creating prefix script '/home/badawi/Desktop/auto-pilot/src/vortex-auv/guidance/install/local_setup.ps1'
[0.614s] INFO:colcon.colcon_core.shell:Creating prefix util module '/home/badawi/Desktop/auto-pilot/src/vortex-auv/guidance/install/_local_setup_util_ps1.py'
[0.615s] INFO:colcon.colcon_core.shell:Creating prefix chain script '/home/badawi/Desktop/auto-pilot/src/vortex-auv/guidance/install/setup.ps1'
[0.615s] INFO:colcon.colcon_core.shell:Creating prefix script '/home/badawi/Desktop/auto-pilot/src/vortex-auv/guidance/install/local_setup.sh'
[0.616s] INFO:colcon.colcon_core.shell:Creating prefix util module '/home/badawi/Desktop/auto-pilot/src/vortex-auv/guidance/install/_local_setup_util_sh.py'
[0.616s] INFO:colcon.colcon_core.shell:Creating prefix chain script '/home/badawi/Desktop/auto-pilot/src/vortex-auv/guidance/install/setup.sh'
[0.616s] INFO:colcon.colcon_core.shell:Creating prefix script '/home/badawi/Desktop/auto-pilot/src/vortex-auv/guidance/install/local_setup.bash'
[0.617s] INFO:colcon.colcon_core.shell:Creating prefix chain script '/home/badawi/Desktop/auto-pilot/src/vortex-auv/guidance/install/setup.bash'
[0.617s] INFO:colcon.colcon_core.shell:Creating prefix script '/home/badawi/Desktop/auto-pilot/src/vortex-auv/guidance/install/local_setup.zsh'
[0.617s] INFO:colcon.colcon_core.shell:Creating prefix chain script '/home/badawi/Desktop/auto-pilot/src/vortex-auv/guidance/install/setup.zsh'
